# JRE version: OpenJDK Runtime Environment Corretto-11.0.14.9.1 (11.0.14+9) (build 11.0.14+9-LTS)
# Java VM: OpenJDK 64-Bit Server VM Corretto-11.0.14.9.1 (11.0.14+9-LTS, mixed mode, tiered, compressed oops, g1 gc, bsd-amd64)
Heap:
 garbage-first heap   total 262144K, used 123852K [0x0000000700000000, 0x0000000800000000)
  region size 1024K, 118 young (120832K), 16 survivors (16384K)
 Metaspace       used 10067K, capacity 10222K, committed 10496K, reserved 1058816K
  class space    used 872K, capacity 916K, committed 1024K, reserved 1048576K
GC Heap History (8 events):
Event: 0.655 GC heap before
{Heap before GC invocations=0 (full 0):
 garbage-first heap   total 262144K, used 26624K [0x0000000700000000, 0x0000000800000000)
  region size 1024K, 24 young (24576K), 0 survivors (0K)
 Metaspace       used 9913K, capacity 10027K, committed 10240K, reserved 1058816K
  class space    used 864K, capacity 915K, committed 1024K, reserved 1048576K
}
Event: 0.663 GC heap after
{Heap after GC invocations=1 (full 0):
 garbage-first heap   total 262144K, used 4322K [0x0000000700000000, 0x0000000800000000)
  region size 1024K, 3 young (3072K), 3 survivors (3072K)
 Metaspace       used 9913K, capacity 10027K, committed 10240K, reserved 1058816K
  class space    used 864K, capacity 915K, committed 1024K, reserved 1048576K
}
Event: 0.821 GC heap before
{Heap before GC invocations=1 (full 0):
 garbage-first heap   total 262144K, used 157922K [0x0000000700000000, 0x0000000800000000)
  region size 1024K, 153 young (156672K), 3 survivors (3072K)
 Metaspace       used 9952K, capacity 10091K, committed 10496K, reserved 1058816K
  class space    used 864K, capacity 915K, committed 1024K, reserved 1048576K
}
Event: 0.830 GC heap after
{Heap after GC invocations=2 (full 0):
 garbage-first heap   total 262144K, used 9628K [0x0000000700000000, 0x0000000800000000)
  region size 1024K, 8 young (8192K), 8 survivors (8192K)
 Metaspace       used 9952K, capacity 10091K, committed 10496K, reserved 1058816K
  class space    used 864K, capacity 915K, committed 1024K, reserved 1048576K
}
Event: 0.874 GC heap before
{Heap before GC invocations=2 (full 0):
 garbage-first heap   total 262144K, used 158108K [0x0000000700000000, 0x0000000800000000)
  region size 1024K, 153 young (156672K), 8 survivors (8192K)
 Metaspace       used 9962K, capacity 10091K, committed 10496K, reserved 1058816K
  class space    used 864K, capacity 915K, committed 1024K, reserved 1048576K
}
Event: 0.885 GC heap after
{Heap after GC invocations=3 (full 0):
 garbage-first heap   total 262144K, used 15143K [0x0000000700000000, 0x0000000800000000)
  region size 1024K, 13 young (13312K), 13 survivors (13312K)
 Metaspace       used 9962K, capacity 10091K, committed 10496K, reserved 1058816K
  class space    used 864K, capacity 915K, committed 1024K, reserved 1048576K
}
Event: 0.921 GC heap before
{Heap before GC invocations=3 (full 0):
 garbage-first heap   total 262144K, used 158503K [0x0000000700000000, 0x0000000800000000)
  region size 1024K, 153 young (156672K), 13 survivors (13312K)
 Metaspace       used 9974K, capacity 10091K, committed 10496K, reserved 1058816K
  class space    used 864K, capacity 915K, committed 1024K, reserved 1048576K
}
Event: 0.928 GC heap after
{Heap after GC invocations=4 (full 0):
 garbage-first heap   total 262144K, used 20428K [0x0000000700000000, 0x0000000800000000)
  region size 1024K, 16 young (16384K), 16 survivors (16384K)
 Metaspace       used 9974K, capacity 10091K, committed 10496K, reserved 1058816K
  class space    used 864K, capacity 915K, committed 1024K, reserved 1048576K
}

